[debug] [2024-04-04T08:07:30.540Z] ----------------------------------------------------------------------
[debug] [2024-04-04T08:07:30.543Z] Command:       C:\Program Files\nodejs\node.exe C:\Users\hitmachut\AppData\Roaming\npm\node_modules\firebase-tools\lib\bin\firebase.js login
[debug] [2024-04-04T08:07:30.543Z] CLI Version:   13.6.1
[debug] [2024-04-04T08:07:30.543Z] Platform:      win32
[debug] [2024-04-04T08:07:30.543Z] Node Version:  v20.10.0
[debug] [2024-04-04T08:07:30.543Z] Time:          Thu Apr 04 2024 11:07:30 GMT+0300 (שעון ישראל (קיץ))
[debug] [2024-04-04T08:07:30.543Z] ----------------------------------------------------------------------
[debug] 
[debug] [2024-04-04T08:07:30.546Z] >>> [apiv2][query] GET https://firebase-public.firebaseio.com/cli.json [none]
[info] i  Firebase optionally collects CLI and Emulator Suite usage and error reporting information to help improve our products. Data is collected in accordance with Google's privacy policy (https://policies.google.com/privacy) and is not used to identify you.
 
[debug] [2024-04-04T08:07:32.656Z] <<< [apiv2][status] GET https://firebase-public.firebaseio.com/cli.json 200
[debug] [2024-04-04T08:07:32.656Z] <<< [apiv2][body] GET https://firebase-public.firebaseio.com/cli.json {"cloudBuildErrorAfter":1594252800000,"cloudBuildWarnAfter":1590019200000,"defaultNode10After":1594252800000,"minVersion":"3.0.5","node8DeploysDisabledAfter":1613390400000,"node8RuntimeDisabledAfter":1615809600000,"node8WarnAfter":1600128000000}
[info] 
[info] Visit this URL on this device to log in:
[info] https://accounts.google.com/o/oauth2/auth?client_id=563584335869-fgrhgmd47bqnekij5i8b5pr03ho849e6.apps.googleusercontent.com&scope=email%20openid%20https%3A%2F%2Fwww.googleapis.com%2Fauth%2Fcloudplatformprojects.readonly%20https%3A%2F%2Fwww.googleapis.com%2Fauth%2Ffirebase%20https%3A%2F%2Fwww.googleapis.com%2Fauth%2Fcloud-platform&response_type=code&state=74490197&redirect_uri=http%3A%2F%2Flocalhost%3A9005
[info] 
[info] Waiting for authentication...
[debug] [2024-04-04T08:08:29.099Z] ----------------------------------------------------------------------
[debug] [2024-04-04T08:08:29.101Z] Command:       C:\Program Files\nodejs\node.exe C:\Users\hitmachut\AppData\Roaming\npm\node_modules\firebase-tools\lib\bin\firebase.js login
[debug] [2024-04-04T08:08:29.102Z] CLI Version:   13.6.1
[debug] [2024-04-04T08:08:29.102Z] Platform:      win32
[debug] [2024-04-04T08:08:29.102Z] Node Version:  v20.10.0
[debug] [2024-04-04T08:08:29.102Z] Time:          Thu Apr 04 2024 11:08:29 GMT+0300 (שעון ישראל (קיץ))
[debug] [2024-04-04T08:08:29.102Z] ----------------------------------------------------------------------
[debug] 
[info] i  Firebase optionally collects CLI and Emulator Suite usage and error reporting information to help improve our products. Data is collected in accordance with Google's privacy policy (https://policies.google.com/privacy) and is not used to identify you.
 
[info] i  To change your data collection preference at any time, run `firebase logout` and log in again. 
[info] 
[info] Visit this URL on this device to log in:
[info] https://accounts.google.com/o/oauth2/auth?client_id=563584335869-fgrhgmd47bqnekij5i8b5pr03ho849e6.apps.googleusercontent.com&scope=email%20openid%20https%3A%2F%2Fwww.googleapis.com%2Fauth%2Fcloudplatformprojects.readonly%20https%3A%2F%2Fwww.googleapis.com%2Fauth%2Ffirebase%20https%3A%2F%2Fwww.googleapis.com%2Fauth%2Fcloud-platform&response_type=code&state=334722132&redirect_uri=http%3A%2F%2Flocalhost%3A9005
[info] 
[info] Waiting for authentication...
